2019-10-15 21:12:21,261 INFO supervisord started with pid 1
2019-10-15 21:12:22,263 INFO spawned: 'lsync' with pid 43
2019-10-15 21:12:22,265 INFO spawned: 'app' with pid 44
2019-10-15 21:12:22,266 INFO exited: lsync (exit status 127; not expected)
2019-10-15 21:12:23,324 INFO spawned: 'lsync' with pid 70
2019-10-15 21:12:23,325 INFO success: app entered RUNNING state, process has stayed up for > than 1 seconds (startsecs)
2019-10-15 21:12:23,326 INFO exited: app (exit status 1; not expected)
2019-10-15 21:12:23,335 INFO spawned: 'app' with pid 71
2019-10-15 21:12:23,337 INFO exited: lsync (exit status 127; not expected)
2019-10-15 21:12:24,338 INFO success: app entered RUNNING state, process has stayed up for > than 1 seconds (startsecs)
2019-10-15 21:12:24,743 INFO exited: app (exit status 1; not expected)
2019-10-15 21:12:25,746 INFO spawned: 'lsync' with pid 120
2019-10-15 21:12:25,748 INFO spawned: 'app' with pid 121
2019-10-15 21:12:25,749 INFO exited: lsync (exit status 127; not expected)
2019-10-15 21:12:26,508 INFO exited: app (exit status 1; not expected)
2019-10-15 21:12:27,510 INFO spawned: 'app' with pid 133
2019-10-15 21:12:28,370 INFO exited: app (exit status 1; not expected)
2019-10-15 21:12:29,373 INFO spawned: 'lsync' with pid 144
2019-10-15 21:12:29,376 INFO exited: lsync (exit status 127; not expected)
2019-10-15 21:12:30,377 INFO gave up: lsync entered FATAL state, too many start retries too quickly
2019-10-15 21:12:30,379 INFO spawned: 'app' with pid 145
2019-10-15 21:12:31,327 INFO exited: app (exit status 1; not expected)
2019-10-15 21:12:34,332 INFO spawned: 'app' with pid 156
2019-10-15 21:12:35,134 INFO exited: app (exit status 1; not expected)
2019-10-15 21:12:36,135 INFO gave up: app entered FATAL state, too many start retries too quickly
